Build started 22/01/23 13:23:27.
Logging verbosity is set to: Normal.     1>Project "C:\Studying\2-year\RNA-2022\RNA-2022\RNA-2022\RNA-2022.vcxproj" on node 2 (Build target(s)).
     1>InitializeBuildStatus:
         Creating "Debug\RNA-2022.tlog\unsuccessfulbuild" because "AlwaysCreate" was specified.
       ClCompile:
         C:\Program Files (x86)\Microsoft Visual Studio\2019\Community\VC\Tools\MSVC\14.29.30133\bin\HostX86\x86\CL.exe /c /ZI /JMC /nologo /W3 /WX- /diagnostics:column /sdl /Od /Oy- /D WIN32 /D _DEBUG /D _CONSOLE /D _UNICODE /D UNICODE /Gm- /EHsc /RTC1 /MDd /GS /fp:precise /permissive- /Zc:wchar_t /Zc:forScope /Zc:inline /Fo"Debug\\" /Fd"Debug\vc142.pdb" /external:W3 /Gd /TP /analyze- /FC /errorReport:prompt Error.cpp FST.cpp Generation.cpp Greibach.cpp In.cpp IT.cpp LexAnalysis.cpp Log.cpp LT.cpp MFST.cpp Parm.cpp Polish.cpp "RNA-2022.cpp" SemAnalysis.cpp
         Error.cpp
         FST.cpp
     1>C:\Studying\2-year\RNA-2022\RNA-2022\RNA-2022\FST.cpp(63,50): warning C4267: 'initializing': conversion from 'size_t' to 'short', possible loss of data
         Generation.cpp
         Greibach.cpp
         In.cpp
         IT.cpp
         LexAnalysis.cpp
         Log.cpp
         LT.cpp
         MFST.cpp
     1>C:\Studying\2-year\RNA-2022\RNA-2022\RNA-2022\MFST.cpp(80,7): warning C4003: not enough arguments for function-like macro invocation 'MFST_TRACE4'
     1>C:\Studying\2-year\RNA-2022\RNA-2022\RNA-2022\MFST.cpp(95,11): warning C4003: not enough arguments for function-like macro invocation 'MFST_TRACE4'
     1>C:\Studying\2-year\RNA-2022\RNA-2022\RNA-2022\MFST.cpp(114,3): warning C4003: not enough arguments for function-like macro invocation 'MFST_TRACE6'
     1>C:\Studying\2-year\RNA-2022\RNA-2022\RNA-2022\MFST.cpp(130,4): warning C4003: not enough arguments for function-like macro invocation 'MFST_TRACE5'
     1>C:\Studying\2-year\RNA-2022\RNA-2022\RNA-2022\MFST.cpp(168,4): warning C4003: not enough arguments for function-like macro invocation 'MFST_TRACE4'
     1>C:\Studying\2-year\RNA-2022\RNA-2022\RNA-2022\MFST.cpp(254,68): warning C4267: '=': conversion from 'size_t' to 'short', possible loss of data
         Parm.cpp
         Polish.cpp
         RNA-2022.cpp
         SemAnalysis.cpp
         Generating Code...
       Link:
         C:\Program Files (x86)\Microsoft Visual Studio\2019\Community\VC\Tools\MSVC\14.29.30133\bin\HostX86\x86\link.exe /ERRORREPORT:PROMPT /OUT:"C:\Studying\2-year\RNA-2022\RNA-2022\Debug\RNA-2022.exe" /INCREMENTAL /ILK:"Debug\RNA-2022.ilk" /NOLOGO kernel32.lib user32.lib gdi32.lib winspool.lib comdlg32.lib advapi32.lib shell32.lib ole32.lib oleaut32.lib uuid.lib odbc32.lib odbccp32.lib /MANIFEST /MANIFESTUAC:"level='asInvoker' uiAccess='false'" /manifest:embed /DEBUG /PDB:"C:\Studying\2-year\RNA-2022\RNA-2022\Debug\RNA-2022.pdb" /SUBSYSTEM:CONSOLE /TLBID:1 /DYNAMICBASE /NXCOMPAT /IMPLIB:"C:\Studying\2-year\RNA-2022\RNA-2022\Debug\RNA-2022.lib" /MACHINE:X86 Debug\Error.obj
         Debug\FST.obj
         Debug\Generation.obj
         Debug\Greibach.obj
         Debug\In.obj
         Debug\IT.obj
         Debug\LexAnalysis.obj
         Debug\Log.obj
         Debug\LT.obj
         Debug\MFST.obj
         Debug\Parm.obj
         Debug\Polish.obj
         "Debug\RNA-2022.obj"
         Debug\SemAnalysis.obj
         RNA-2022.vcxproj -> C:\Studying\2-year\RNA-2022\RNA-2022\Debug\RNA-2022.exe
       FinalizeBuildStatus:
         Deleting file "Debug\RNA-2022.tlog\unsuccessfulbuild".
         Touching "Debug\RNA-2022.tlog\RNA-2022.lastbuildstate".
     1>Done Building Project "C:\Studying\2-year\RNA-2022\RNA-2022\RNA-2022\RNA-2022.vcxproj" (Build target(s)).

Build succeeded.

       "C:\Studying\2-year\RNA-2022\RNA-2022\RNA-2022\RNA-2022.vcxproj" (Build target) (1) ->
       (ClCompile target) -> 
         C:\Studying\2-year\RNA-2022\RNA-2022\RNA-2022\FST.cpp(63,50): warning C4267: 'initializing': conversion from 'size_t' to 'short', possible loss of data
         C:\Studying\2-year\RNA-2022\RNA-2022\RNA-2022\MFST.cpp(80,7): warning C4003: not enough arguments for function-like macro invocation 'MFST_TRACE4'
         C:\Studying\2-year\RNA-2022\RNA-2022\RNA-2022\MFST.cpp(95,11): warning C4003: not enough arguments for function-like macro invocation 'MFST_TRACE4'
         C:\Studying\2-year\RNA-2022\RNA-2022\RNA-2022\MFST.cpp(114,3): warning C4003: not enough arguments for function-like macro invocation 'MFST_TRACE6'
         C:\Studying\2-year\RNA-2022\RNA-2022\RNA-2022\MFST.cpp(130,4): warning C4003: not enough arguments for function-like macro invocation 'MFST_TRACE5'
         C:\Studying\2-year\RNA-2022\RNA-2022\RNA-2022\MFST.cpp(168,4): warning C4003: not enough arguments for function-like macro invocation 'MFST_TRACE4'
         C:\Studying\2-year\RNA-2022\RNA-2022\RNA-2022\MFST.cpp(254,68): warning C4267: '=': conversion from 'size_t' to 'short', possible loss of data

    7 Warning(s)
    0 Error(s)

Time Elapsed 00:00:09.89
