c:\rna-2022-2\rna-2022\rna-2022\debug\vc142.pdb
c:\rna-2022-2\rna-2022\rna-2022\debug\vc142.idb
c:\rna-2022-2\rna-2022\rna-2022\debug\semanalysis.obj
c:\rna-2022-2\rna-2022\rna-2022\debug\rna-2022.obj
c:\rna-2022-2\rna-2022\rna-2022\debug\polish.obj
c:\rna-2022-2\rna-2022\rna-2022\debug\parm.obj
c:\rna-2022-2\rna-2022\rna-2022\debug\mfst.obj
c:\rna-2022-2\rna-2022\rna-2022\debug\lt.obj
c:\rna-2022-2\rna-2022\rna-2022\debug\log.obj
c:\rna-2022-2\rna-2022\rna-2022\debug\lexanalysis.obj
c:\rna-2022-2\rna-2022\rna-2022\debug\it.obj
c:\rna-2022-2\rna-2022\rna-2022\debug\in.obj
c:\rna-2022-2\rna-2022\rna-2022\debug\greibach.obj
c:\rna-2022-2\rna-2022\rna-2022\debug\generation.obj
c:\rna-2022-2\rna-2022\rna-2022\debug\fst.obj
c:\rna-2022-2\rna-2022\rna-2022\debug\error.obj
c:\rna-2022-2\rna-2022\debug\rna-2022.exe
c:\rna-2022-2\rna-2022\rna-2022\debug\rna-2022.ilk
c:\rna-2022-2\rna-2022\debug\rna-2022.pdb
c:\rna-2022-2\rna-2022\rna-2022\debug\rna-2022.tlog\cl.command.1.tlog
c:\rna-2022-2\rna-2022\rna-2022\debug\rna-2022.tlog\cl.read.1.tlog
c:\rna-2022-2\rna-2022\rna-2022\debug\rna-2022.tlog\cl.write.1.tlog
c:\rna-2022-2\rna-2022\rna-2022\debug\rna-2022.tlog\link.command.1.tlog
c:\rna-2022-2\rna-2022\rna-2022\debug\rna-2022.tlog\link.read.1.tlog
c:\rna-2022-2\rna-2022\rna-2022\debug\rna-2022.tlog\link.write.1.tlog
